# JRE version: Java(TM) SE Runtime Environment (8.0_192-b12) (build 1.8.0_192-b12)
# Java VM: Java HotSpot(TM) 64-Bit Server VM (25.192-b12 mixed mode windows-amd64 compressed oops)
Heap:
 PSYoungGen      total 222720K, used 4846K [0x00000000d5f80000, 0x00000000e5080000, 0x0000000100000000)
  eden space 205824K, 2% used [0x00000000d5f80000,0x00000000d643bb08,0x00000000e2880000)
  from space 16896K, 0% used [0x00000000e4000000,0x00000000e4000000,0x00000000e5080000)
  to   space 19456K, 0% used [0x00000000e2a80000,0x00000000e2a80000,0x00000000e3d80000)
 ParOldGen       total 89600K, used 29679K [0x0000000081e00000, 0x0000000087580000, 0x00000000d5f80000)
  object space 89600K, 33% used [0x0000000081e00000,0x0000000083afbc38,0x0000000087580000)
 Metaspace       used 56551K, capacity 59388K, committed 59520K, reserved 1099776K
  class space    used 7972K, capacity 8485K, committed 8576K, reserved 1048576K
GC Heap History (10 events):
Event: 5.477 GC heap before
{Heap before GC invocations=9 (full 1):
 PSYoungGen      total 137728K, used 110038K [0x00000000d5f80000, 0x00000000e1880000, 0x0000000100000000)
  eden space 129536K, 78% used [0x00000000d5f80000,0x00000000dc2fcf90,0x00000000dde00000)
  from space 8192K, 99% used [0x00000000dde00000,0x00000000de5f8b58,0x00000000de600000)
  to   space 10752K, 0% used [0x00000000e0e00000,0x00000000e0e00000,0x00000000e1880000)
 ParOldGen       total 52736K, used 8272K [0x0000000081e00000, 0x0000000085180000, 0x00000000d5f80000)
  object space 52736K, 15% used [0x0000000081e00000,0x0000000082614188,0x0000000085180000)
 Metaspace       used 33776K, capacity 35454K, committed 35496K, reserved 1079296K
  class space    used 4512K, capacity 4857K, committed 4864K, reserved 1048576K
Event: 5.489 GC heap after
Heap after GC invocations=9 (full 1):
 PSYoungGen      total 175616K, used 10725K [0x00000000d5f80000, 0x00000000e3980000, 0x0000000100000000)
  eden space 164864K, 0% used [0x00000000d5f80000,0x00000000d5f80000,0x00000000e0080000)
  from space 10752K, 99% used [0x00000000e0e00000,0x00000000e1879610,0x00000000e1880000)
  to   space 13824K, 0% used [0x00000000e0080000,0x00000000e0080000,0x00000000e0e00000)
 ParOldGen       total 52736K, used 12378K [0x0000000081e00000, 0x0000000085180000, 0x00000000d5f80000)
  object space 52736K, 23% used [0x0000000081e00000,0x0000000082a16988,0x0000000085180000)
 Metaspace       used 33776K, capacity 35454K, committed 35496K, reserved 1079296K
  class space    used 4512K, capacity 4857K, committed 4864K, reserved 1048576K
}
Event: 5.489 GC heap before
{Heap before GC invocations=10 (full 2):
 PSYoungGen      total 175616K, used 10725K [0x00000000d5f80000, 0x00000000e3980000, 0x0000000100000000)
  eden space 164864K, 0% used [0x00000000d5f80000,0x00000000d5f80000,0x00000000e0080000)
  from space 10752K, 99% used [0x00000000e0e00000,0x00000000e1879610,0x00000000e1880000)
  to   space 13824K, 0% used [0x00000000e0080000,0x00000000e0080000,0x00000000e0e00000)
 ParOldGen       total 52736K, used 12378K [0x0000000081e00000, 0x0000000085180000, 0x00000000d5f80000)
  object space 52736K, 23% used [0x0000000081e00000,0x0000000082a16988,0x0000000085180000)
 Metaspace       used 33776K, capacity 35454K, committed 35496K, reserved 1079296K
  class space    used 4512K, capacity 4857K, committed 4864K, reserved 1048576K
Event: 5.572 GC heap after
Heap after GC invocations=10 (full 2):
 PSYoungGen      total 175616K, used 0K [0x00000000d5f80000, 0x00000000e3980000, 0x0000000100000000)
  eden space 164864K, 0% used [0x00000000d5f80000,0x00000000d5f80000,0x00000000e0080000)
  from space 10752K, 0% used [0x00000000e0e00000,0x00000000e0e00000,0x00000000e1880000)
  to   space 13824K, 0% used [0x00000000e0080000,0x00000000e0080000,0x00000000e0e00000)
 ParOldGen       total 89600K, used 19316K [0x0000000081e00000, 0x0000000087580000, 0x00000000d5f80000)
  object space 89600K, 21% used [0x0000000081e00000,0x00000000830dd1f8,0x0000000087580000)
 Metaspace       used 33776K, capacity 35454K, committed 35496K, reserved 1079296K
  class space    used 4512K, capacity 4857K, committed 4864K, reserved 1048576K
}
Event: 8.962 GC heap before
{Heap before GC invocations=11 (full 2):
 PSYoungGen      total 175616K, used 164864K [0x00000000d5f80000, 0x00000000e3980000, 0x0000000100000000)
  eden space 164864K, 100% used [0x00000000d5f80000,0x00000000e0080000,0x00000000e0080000)
  from space 10752K, 0% used [0x00000000e0e00000,0x00000000e0e00000,0x00000000e1880000)
  to   space 13824K, 0% used [0x00000000e0080000,0x00000000e0080000,0x00000000e0e00000)
 ParOldGen       total 89600K, used 19316K [0x0000000081e00000, 0x0000000087580000, 0x00000000d5f80000)
  object space 89600K, 21% used [0x0000000081e00000,0x00000000830dd1f8,0x0000000087580000)
 Metaspace       used 48041K, capacity 49930K, committed 50176K, reserved 1091584K
  class space    used 6729K, capacity 7079K, committed 7168K, reserved 1048576K
Event: 8.979 GC heap after
Heap after GC invocations=11 (full 2):
 PSYoungGen      total 178688K, used 13805K [0x00000000d5f80000, 0x00000000e5100000, 0x0000000100000000)
  eden space 164864K, 0% used [0x00000000d5f80000,0x00000000d5f80000,0x00000000e0080000)
  from space 13824K, 99% used [0x00000000e0080000,0x00000000e0dfb6d8,0x00000000e0e00000)
  to   space 17408K, 0% used [0x00000000e4000000,0x00000000e4000000,0x00000000e5100000)
 ParOldGen       total 89600K, used 22963K [0x0000000081e00000, 0x0000000087580000, 0x00000000d5f80000)
  object space 89600K, 25% used [0x0000000081e00000,0x000000008346cf90,0x0000000087580000)
 Metaspace       used 48041K, capacity 49930K, committed 50176K, reserved 1091584K
  class space    used 6729K, capacity 7079K, committed 7168K, reserved 1048576K
}
Event: 172.493 GC heap before
{Heap before GC invocations=12 (full 2):
 PSYoungGen      total 178688K, used 160774K [0x00000000d5f80000, 0x00000000e5100000, 0x0000000100000000)
  eden space 164864K, 89% used [0x00000000d5f80000,0x00000000def06358,0x00000000e0080000)
  from space 13824K, 99% used [0x00000000e0080000,0x00000000e0dfb6d8,0x00000000e0e00000)
  to   space 17408K, 0% used [0x00000000e4000000,0x00000000e4000000,0x00000000e5100000)
 ParOldGen       total 89600K, used 22963K [0x0000000081e00000, 0x0000000087580000, 0x00000000d5f80000)
  object space 89600K, 25% used [0x0000000081e00000,0x000000008346cf90,0x0000000087580000)
 Metaspace       used 56274K, capacity 59094K, committed 59136K, reserved 1099776K
  class space    used 7900K, capacity 8412K, committed 8448K, reserved 1048576K
Event: 172.850 GC heap after
Heap after GC invocations=12 (full 2):
 PSYoungGen      total 222720K, used 16781K [0x00000000d5f80000, 0x00000000e5080000, 0x0000000100000000)
  eden space 205824K, 0% used [0x00000000d5f80000,0x00000000d5f80000,0x00000000e2880000)
  from space 16896K, 99% used [0x00000000e4000000,0x00000000e50637e8,0x00000000e5080000)
  to   space 19456K, 0% used [0x00000000e2a80000,0x00000000e2a80000,0x00000000e3d80000)
 ParOldGen       total 89600K, used 22971K [0x0000000081e00000, 0x0000000087580000, 0x00000000d5f80000)
  object space 89600K, 25% used [0x0000000081e00000,0x000000008346ef90,0x0000000087580000)
 Metaspace       used 56274K, capacity 59094K, committed 59136K, reserved 1099776K
  class space    used 7900K, capacity 8412K, committed 8448K, reserved 1048576K
}
Event: 172.851 GC heap before
{Heap before GC invocations=13 (full 3):
 PSYoungGen      total 222720K, used 16781K [0x00000000d5f80000, 0x00000000e5080000, 0x0000000100000000)
  eden space 205824K, 0% used [0x00000000d5f80000,0x00000000d5f80000,0x00000000e2880000)
  from space 16896K, 99% used [0x00000000e4000000,0x00000000e50637e8,0x00000000e5080000)
  to   space 19456K, 0% used [0x00000000e2a80000,0x00000000e2a80000,0x00000000e3d80000)
 ParOldGen       total 89600K, used 22971K [0x0000000081e00000, 0x0000000087580000, 0x00000000d5f80000)
  object space 89600K, 25% used [0x0000000081e00000,0x000000008346ef90,0x0000000087580000)
 Metaspace       used 56274K, capacity 59094K, committed 59136K, reserved 1099776K
  class space    used 7900K, capacity 8412K, committed 8448K, reserved 1048576K
Event: 173.710 GC heap after
Heap after GC invocations=13 (full 3):
 PSYoungGen      total 222720K, used 0K [0x00000000d5f80000, 0x00000000e5080000, 0x0000000100000000)
  eden space 205824K, 0% used [0x00000000d5f80000,0x00000000d5f80000,0x00000000e2880000)
  from space 16896K, 0% used [0x00000000e4000000,0x00000000e4000000,0x00000000e5080000)
  to   space 19456K, 0% used [0x00000000e2a80000,0x00000000e2a80000,0x00000000e3d80000)
 ParOldGen       total 89600K, used 29679K [0x0000000081e00000, 0x0000000087580000, 0x00000000d5f80000)
  object space 89600K, 33% used [0x0000000081e00000,0x0000000083afbc38,0x0000000087580000)
 Metaspace       used 56274K, capacity 59094K, committed 59136K, reserved 1099776K
  class space    used 7900K, capacity 8412K, committed 8448K, reserved 1048576K
}

